# JRE version: Java(TM) SE Runtime Environment (8.0_91-b14) (build 1.8.0_91-b14)
# Java VM: Java HotSpot(TM) 64-Bit Server VM (25.91-b14 mixed mode windows-amd64 compressed oops)
Heap:
 PSYoungGen      total 124416K, used 8440K [0x0000000780b00000, 0x000000078af00000, 0x00000007c0000000)
  eden space 109056K, 7% used [0x0000000780b00000,0x000000078133e0c8,0x0000000787580000)
  from space 15360K, 0% used [0x0000000788400000,0x0000000788400000,0x0000000789300000)
  to   space 14848K, 0% used [0x0000000787580000,0x0000000787580000,0x0000000788400000)
 ParOldGen       total 133120K, used 19306K [0x0000000702000000, 0x000000070a200000, 0x0000000780b00000)
  object space 133120K, 14% used [0x0000000702000000,0x00000007032da8c8,0x000000070a200000)
 Metaspace       used 34864K, capacity 36312K, committed 36648K, reserved 1081344K
  class space    used 4511K, capacity 4805K, committed 4904K, reserved 1048576K
GC Heap History (10 events):
Event: 2.164 GC heap before
{Heap before GC invocations=4 (full 1):
 PSYoungGen      total 56832K, used 5802K [0x0000000780b00000, 0x0000000787a00000, 0x00000007c0000000)
  eden space 49152K, 0% used [0x0000000780b00000,0x0000000780b00000,0x0000000783b00000)
  from space 7680K, 75% used [0x0000000783b00000,0x00000007840aa968,0x0000000784280000)
  to   space 7680K, 0% used [0x0000000787280000,0x0000000787280000,0x0000000787a00000)
 ParOldGen       total 130048K, used 2445K [0x0000000702000000, 0x0000000709f00000, 0x0000000780b00000)
  object space 130048K, 1% used [0x0000000702000000,0x0000000702263680,0x0000000709f00000)
 Metaspace       used 20666K, capacity 21200K, committed 21296K, reserved 1067008K
  class space    used 2658K, capacity 2823K, committed 2864K, reserved 1048576K
Event: 2.215 GC heap after
Heap after GC invocations=4 (full 1):
 PSYoungGen      total 56832K, used 0K [0x0000000780b00000, 0x0000000787a00000, 0x00000007c0000000)
  eden space 49152K, 0% used [0x0000000780b00000,0x0000000780b00000,0x0000000783b00000)
  from space 7680K, 0% used [0x0000000783b00000,0x0000000783b00000,0x0000000784280000)
  to   space 7680K, 0% used [0x0000000787280000,0x0000000787280000,0x0000000787a00000)
 ParOldGen       total 80896K, used 5683K [0x0000000702000000, 0x0000000706f00000, 0x0000000780b00000)
  object space 80896K, 7% used [0x0000000702000000,0x000000070258cff0,0x0000000706f00000)
 Metaspace       used 20666K, capacity 21200K, committed 21296K, reserved 1067008K
  class space    used 2658K, capacity 2823K, committed 2864K, reserved 1048576K
}
Event: 3.349 GC heap before
{Heap before GC invocations=5 (full 1):
 PSYoungGen      total 56832K, used 49152K [0x0000000780b00000, 0x0000000787a00000, 0x00000007c0000000)
  eden space 49152K, 100% used [0x0000000780b00000,0x0000000783b00000,0x0000000783b00000)
  from space 7680K, 0% used [0x0000000783b00000,0x0000000783b00000,0x0000000784280000)
  to   space 7680K, 0% used [0x0000000787280000,0x0000000787280000,0x0000000787a00000)
 ParOldGen       total 80896K, used 5693K [0x0000000702000000, 0x0000000706f00000, 0x0000000780b00000)
  object space 80896K, 7% used [0x0000000702000000,0x000000070258f5c0,0x0000000706f00000)
 Metaspace       used 26311K, capacity 27050K, committed 27184K, reserved 1073152K
  class space    used 3403K, capacity 3590K, committed 3632K, reserved 1048576K
Event: 3.362 GC heap after
Heap after GC invocations=5 (full 1):
 PSYoungGen      total 81408K, used 7655K [0x0000000780b00000, 0x0000000787a00000, 0x00000007c0000000)
  eden space 73728K, 0% used [0x0000000780b00000,0x0000000780b00000,0x0000000785300000)
  from space 7680K, 99% used [0x0000000787280000,0x00000007879f9e58,0x0000000787a00000)
  to   space 7680K, 0% used [0x0000000786b00000,0x0000000786b00000,0x0000000787280000)
 ParOldGen       total 80896K, used 7429K [0x0000000702000000, 0x0000000706f00000, 0x0000000780b00000)
  object space 80896K, 9% used [0x0000000702000000,0x0000000702741690,0x0000000706f00000)
 Metaspace       used 26311K, capacity 27050K, committed 27184K, reserved 1073152K
  class space    used 3403K, capacity 3590K, committed 3632K, reserved 1048576K
}
Event: 4.964 GC heap before
{Heap before GC invocations=6 (full 1):
 PSYoungGen      total 81408K, used 81383K [0x0000000780b00000, 0x0000000787a00000, 0x00000007c0000000)
  eden space 73728K, 100% used [0x0000000780b00000,0x0000000785300000,0x0000000785300000)
  from space 7680K, 99% used [0x0000000787280000,0x00000007879f9e58,0x0000000787a00000)
  to   space 7680K, 0% used [0x0000000786b00000,0x0000000786b00000,0x0000000787280000)
 ParOldGen       total 80896K, used 7429K [0x0000000702000000, 0x0000000706f00000, 0x0000000780b00000)
  object space 80896K, 9% used [0x0000000702000000,0x0000000702741690,0x0000000706f00000)
 Metaspace       used 31123K, capacity 32254K, committed 32432K, reserved 1077248K
  class space    used 4007K, capacity 4248K, committed 4272K, reserved 1048576K
Event: 4.985 GC heap after
Heap after GC invocations=6 (full 1):
 PSYoungGen      total 105984K, used 7659K [0x0000000780b00000, 0x0000000789300000, 0x00000007c0000000)
  eden space 98304K, 0% used [0x0000000780b00000,0x0000000780b00000,0x0000000786b00000)
  from space 7680K, 99% used [0x0000000786b00000,0x000000078727ac80,0x0000000787280000)
  to   space 15360K, 0% used [0x0000000788400000,0x0000000788400000,0x0000000789300000)
 ParOldGen       total 80896K, used 13834K [0x0000000702000000, 0x0000000706f00000, 0x0000000780b00000)
  object space 80896K, 17% used [0x0000000702000000,0x0000000702d829e8,0x0000000706f00000)
 Metaspace       used 31123K, capacity 32254K, committed 32432K, reserved 1077248K
  class space    used 4007K, capacity 4248K, committed 4272K, reserved 1048576K
}
Event: 16.980 GC heap before
{Heap before GC invocations=7 (full 1):
 PSYoungGen      total 105984K, used 74466K [0x0000000780b00000, 0x0000000789300000, 0x00000007c0000000)
  eden space 98304K, 67% used [0x0000000780b00000,0x0000000784c3de98,0x0000000786b00000)
  from space 7680K, 99% used [0x0000000786b00000,0x000000078727ac80,0x0000000787280000)
  to   space 15360K, 0% used [0x0000000788400000,0x0000000788400000,0x0000000789300000)
 ParOldGen       total 80896K, used 13834K [0x0000000702000000, 0x0000000706f00000, 0x0000000780b00000)
  object space 80896K, 17% used [0x0000000702000000,0x0000000702d829e8,0x0000000706f00000)
 Metaspace       used 33983K, capacity 35338K, committed 35496K, reserved 1079296K
  class space    used 4396K, capacity 4674K, committed 4776K, reserved 1048576K
Event: 16.994 GC heap after
Heap after GC invocations=7 (full 1):
 PSYoungGen      total 124416K, used 10145K [0x0000000780b00000, 0x000000078af00000, 0x00000007c0000000)
  eden space 109056K, 0% used [0x0000000780b00000,0x0000000780b00000,0x0000000787580000)
  from space 15360K, 66% used [0x0000000788400000,0x0000000788de86d0,0x0000000789300000)
  to   space 14848K, 0% used [0x0000000787580000,0x0000000787580000,0x0000000788400000)
 ParOldGen       total 80896K, used 13906K [0x0000000702000000, 0x0000000706f00000, 0x0000000780b00000)
  object space 80896K, 17% used [0x0000000702000000,0x0000000702d949f8,0x0000000706f00000)
 Metaspace       used 33983K, capacity 35338K, committed 35496K, reserved 1079296K
  class space    used 4396K, capacity 4674K, committed 4776K, reserved 1048576K
}
Event: 16.994 GC heap before
{Heap before GC invocations=8 (full 2):
 PSYoungGen      total 124416K, used 10145K [0x0000000780b00000, 0x000000078af00000, 0x00000007c0000000)
  eden space 109056K, 0% used [0x0000000780b00000,0x0000000780b00000,0x0000000787580000)
  from space 15360K, 66% used [0x0000000788400000,0x0000000788de86d0,0x0000000789300000)
  to   space 14848K, 0% used [0x0000000787580000,0x0000000787580000,0x0000000788400000)
 ParOldGen       total 80896K, used 13906K [0x0000000702000000, 0x0000000706f00000, 0x0000000780b00000)
  object space 80896K, 17% used [0x0000000702000000,0x0000000702d949f8,0x0000000706f00000)
 Metaspace       used 33983K, capacity 35338K, committed 35496K, reserved 1079296K
  class space    used 4396K, capacity 4674K, committed 4776K, reserved 1048576K
Event: 17.079 GC heap after
Heap after GC invocations=8 (full 2):
 PSYoungGen      total 124416K, used 0K [0x0000000780b00000, 0x000000078af00000, 0x00000007c0000000)
  eden space 109056K, 0% used [0x0000000780b00000,0x0000000780b00000,0x0000000787580000)
  from space 15360K, 0% used [0x0000000788400000,0x0000000788400000,0x0000000789300000)
  to   space 14848K, 0% used [0x0000000787580000,0x0000000787580000,0x0000000788400000)
 ParOldGen       total 133120K, used 19306K [0x0000000702000000, 0x000000070a200000, 0x0000000780b00000)
  object space 133120K, 14% used [0x0000000702000000,0x00000007032da8c8,0x000000070a200000)
 Metaspace       used 33983K, capacity 35338K, committed 35496K, reserved 1079296K
  class space    used 4396K, capacity 4674K, committed 4776K, reserved 1048576K
}

