# JRE version: Java(TM) SE Runtime Environment (8.0_91-b14) (build 1.8.0_91-b14)
# Java VM: Java HotSpot(TM) 64-Bit Server VM (25.91-b14 mixed mode windows-amd64 compressed oops)
Heap:
 PSYoungGen      total 133632K, used 9164K [0x0000000780b00000, 0x000000078b480000, 0x00000007c0000000)
  eden space 118272K, 7% used [0x0000000780b00000,0x00000007813f3120,0x0000000787e80000)
  from space 15360K, 0% used [0x0000000788d00000,0x0000000788d00000,0x0000000789c00000)
  to   space 14848K, 0% used [0x0000000787e80000,0x0000000787e80000,0x0000000788d00000)
 ParOldGen       total 123904K, used 17184K [0x0000000702000000, 0x0000000709900000, 0x0000000780b00000)
  object space 123904K, 13% used [0x0000000702000000,0x00000007030c8140,0x0000000709900000)
 Metaspace       used 34843K, capacity 36248K, committed 36648K, reserved 1081344K
  class space    used 4511K, capacity 4805K, committed 4904K, reserved 1048576K
GC Heap History (10 events):
Event: 2.125 GC heap before
{Heap before GC invocations=4 (full 1):
 PSYoungGen      total 56832K, used 5752K [0x0000000780b00000, 0x0000000787a00000, 0x00000007c0000000)
  eden space 49152K, 0% used [0x0000000780b00000,0x0000000780b00000,0x0000000783b00000)
  from space 7680K, 74% used [0x0000000783b00000,0x000000078409e1b0,0x0000000784280000)
  to   space 7680K, 0% used [0x0000000787280000,0x0000000787280000,0x0000000787a00000)
 ParOldGen       total 130048K, used 2397K [0x0000000702000000, 0x0000000709f00000, 0x0000000780b00000)
  object space 130048K, 1% used [0x0000000702000000,0x00000007022574c0,0x0000000709f00000)
 Metaspace       used 20660K, capacity 21198K, committed 21296K, reserved 1067008K
  class space    used 2655K, capacity 2822K, committed 2864K, reserved 1048576K
Event: 2.170 GC heap after
Heap after GC invocations=4 (full 1):
 PSYoungGen      total 56832K, used 0K [0x0000000780b00000, 0x0000000787a00000, 0x00000007c0000000)
  eden space 49152K, 0% used [0x0000000780b00000,0x0000000780b00000,0x0000000783b00000)
  from space 7680K, 0% used [0x0000000783b00000,0x0000000783b00000,0x0000000784280000)
  to   space 7680K, 0% used [0x0000000787280000,0x0000000787280000,0x0000000787a00000)
 ParOldGen       total 78336K, used 5620K [0x0000000702000000, 0x0000000706c80000, 0x0000000780b00000)
  object space 78336K, 7% used [0x0000000702000000,0x000000070257d130,0x0000000706c80000)
 Metaspace       used 20660K, capacity 21198K, committed 21296K, reserved 1067008K
  class space    used 2655K, capacity 2822K, committed 2864K, reserved 1048576K
}
Event: 3.163 GC heap before
{Heap before GC invocations=5 (full 1):
 PSYoungGen      total 56832K, used 49152K [0x0000000780b00000, 0x0000000787a00000, 0x00000007c0000000)
  eden space 49152K, 100% used [0x0000000780b00000,0x0000000783b00000,0x0000000783b00000)
  from space 7680K, 0% used [0x0000000783b00000,0x0000000783b00000,0x0000000784280000)
  to   space 7680K, 0% used [0x0000000787280000,0x0000000787280000,0x0000000787a00000)
 ParOldGen       total 78336K, used 5620K [0x0000000702000000, 0x0000000706c80000, 0x0000000780b00000)
  object space 78336K, 7% used [0x0000000702000000,0x000000070257d130,0x0000000706c80000)
 Metaspace       used 26308K, capacity 27044K, committed 27184K, reserved 1073152K
  class space    used 3404K, capacity 3589K, committed 3632K, reserved 1048576K
Event: 3.183 GC heap after
Heap after GC invocations=5 (full 1):
 PSYoungGen      total 84992K, used 7665K [0x0000000780b00000, 0x0000000787a00000, 0x00000007c0000000)
  eden space 77312K, 0% used [0x0000000780b00000,0x0000000780b00000,0x0000000785680000)
  from space 7680K, 99% used [0x0000000787280000,0x00000007879fc698,0x0000000787a00000)
  to   space 7680K, 0% used [0x0000000786b00000,0x0000000786b00000,0x0000000787280000)
 ParOldGen       total 78336K, used 7377K [0x0000000702000000, 0x0000000706c80000, 0x0000000780b00000)
  object space 78336K, 9% used [0x0000000702000000,0x00000007027345f0,0x0000000706c80000)
 Metaspace       used 26308K, capacity 27044K, committed 27184K, reserved 1073152K
  class space    used 3404K, capacity 3589K, committed 3632K, reserved 1048576K
}
Event: 4.945 GC heap before
{Heap before GC invocations=6 (full 1):
 PSYoungGen      total 84992K, used 84977K [0x0000000780b00000, 0x0000000787a00000, 0x00000007c0000000)
  eden space 77312K, 100% used [0x0000000780b00000,0x0000000785680000,0x0000000785680000)
  from space 7680K, 99% used [0x0000000787280000,0x00000007879fc698,0x0000000787a00000)
  to   space 7680K, 0% used [0x0000000786b00000,0x0000000786b00000,0x0000000787280000)
 ParOldGen       total 78336K, used 7377K [0x0000000702000000, 0x0000000706c80000, 0x0000000780b00000)
  object space 78336K, 9% used [0x0000000702000000,0x00000007027345f0,0x0000000706c80000)
 Metaspace       used 31322K, capacity 32494K, committed 32816K, reserved 1077248K
  class space    used 4031K, capacity 4284K, committed 4400K, reserved 1048576K
Event: 4.963 GC heap after
Heap after GC invocations=6 (full 1):
 PSYoungGen      total 105984K, used 7672K [0x0000000780b00000, 0x0000000789c00000, 0x00000007c0000000)
  eden space 98304K, 0% used [0x0000000780b00000,0x0000000780b00000,0x0000000786b00000)
  from space 7680K, 99% used [0x0000000786b00000,0x000000078727e0a0,0x0000000787280000)
  to   space 15360K, 0% used [0x0000000788d00000,0x0000000788d00000,0x0000000789c00000)
 ParOldGen       total 78336K, used 13984K [0x0000000702000000, 0x0000000706c80000, 0x0000000780b00000)
  object space 78336K, 17% used [0x0000000702000000,0x0000000702da8330,0x0000000706c80000)
 Metaspace       used 31322K, capacity 32494K, committed 32816K, reserved 1077248K
  class space    used 4031K, capacity 4284K, committed 4400K, reserved 1048576K
}
Event: 11.682 GC heap before
{Heap before GC invocations=7 (full 1):
 PSYoungGen      total 105984K, used 70329K [0x0000000780b00000, 0x0000000789c00000, 0x00000007c0000000)
  eden space 98304K, 63% used [0x0000000780b00000,0x0000000784830758,0x0000000786b00000)
  from space 7680K, 99% used [0x0000000786b00000,0x000000078727e0a0,0x0000000787280000)
  to   space 15360K, 0% used [0x0000000788d00000,0x0000000788d00000,0x0000000789c00000)
 ParOldGen       total 78336K, used 13984K [0x0000000702000000, 0x0000000706c80000, 0x0000000780b00000)
  object space 78336K, 17% used [0x0000000702000000,0x0000000702da8330,0x0000000706c80000)
 Metaspace       used 33995K, capacity 35338K, committed 35496K, reserved 1079296K
  class space    used 4397K, capacity 4674K, committed 4776K, reserved 1048576K
Event: 11.696 GC heap after
Heap after GC invocations=7 (full 1):
 PSYoungGen      total 133632K, used 9944K [0x0000000780b00000, 0x000000078b480000, 0x00000007c0000000)
  eden space 118272K, 0% used [0x0000000780b00000,0x0000000780b00000,0x0000000787e80000)
  from space 15360K, 64% used [0x0000000788d00000,0x00000007896b6118,0x0000000789c00000)
  to   space 14848K, 0% used [0x0000000787e80000,0x0000000787e80000,0x0000000788d00000)
 ParOldGen       total 78336K, used 14056K [0x0000000702000000, 0x0000000706c80000, 0x0000000780b00000)
  object space 78336K, 17% used [0x0000000702000000,0x0000000702dba340,0x0000000706c80000)
 Metaspace       used 33995K, capacity 35338K, committed 35496K, reserved 1079296K
  class space    used 4397K, capacity 4674K, committed 4776K, reserved 1048576K
}
Event: 11.696 GC heap before
{Heap before GC invocations=8 (full 2):
 PSYoungGen      total 133632K, used 9944K [0x0000000780b00000, 0x000000078b480000, 0x00000007c0000000)
  eden space 118272K, 0% used [0x0000000780b00000,0x0000000780b00000,0x0000000787e80000)
  from space 15360K, 64% used [0x0000000788d00000,0x00000007896b6118,0x0000000789c00000)
  to   space 14848K, 0% used [0x0000000787e80000,0x0000000787e80000,0x0000000788d00000)
 ParOldGen       total 78336K, used 14056K [0x0000000702000000, 0x0000000706c80000, 0x0000000780b00000)
  object space 78336K, 17% used [0x0000000702000000,0x0000000702dba340,0x0000000706c80000)
 Metaspace       used 33995K, capacity 35338K, committed 35496K, reserved 1079296K
  class space    used 4397K, capacity 4674K, committed 4776K, reserved 1048576K
Event: 11.761 GC heap after
Heap after GC invocations=8 (full 2):
 PSYoungGen      total 133632K, used 0K [0x0000000780b00000, 0x000000078b480000, 0x00000007c0000000)
  eden space 118272K, 0% used [0x0000000780b00000,0x0000000780b00000,0x0000000787e80000)
  from space 15360K, 0% used [0x0000000788d00000,0x0000000788d00000,0x0000000789c00000)
  to   space 14848K, 0% used [0x0000000787e80000,0x0000000787e80000,0x0000000788d00000)
 ParOldGen       total 123904K, used 17184K [0x0000000702000000, 0x0000000709900000, 0x0000000780b00000)
  object space 123904K, 13% used [0x0000000702000000,0x00000007030c8140,0x0000000709900000)
 Metaspace       used 33995K, capacity 35338K, committed 35496K, reserved 1079296K
  class space    used 4397K, capacity 4674K, committed 4776K, reserved 1048576K
}

